<?xml version="1.0" encoding="UTF-8"?>
<!-- Generated by org.testng.reporters.JUnitXMLReporter -->
<testsuite hostname="TerryNote" name="daoTest" tests="7" failures="0" timestamp="4 Mar 2015 06:04:19 GMT" time="0.324" errors="0">
  <testcase name="NotMemberBoardDao_클래스의_selectNotMemberBoardCnt_메소드_테스트" time="0.099" classname="com.terry.springconfig.dao.NotMemberBoardDaoTest"/>
  <testcase name="NotMemberBoardDao_클래스의_selectNotMemberBoardDetail_메소드_테스트" time="0.009" classname="com.terry.springconfig.dao.NotMemberBoardDaoTest"/>
  <testcase name="NotMemberBoardDao_클래스의_selectNotMemberBoardList_메소드_테스트" time="0.045" classname="com.terry.springconfig.dao.NotMemberBoardDaoTest"/>
  <testcase name="NotMemberBoardDao_클래스의_updateNotMemberBoard_메소드_테스트" time="0.009" classname="com.terry.springconfig.dao.NotMemberBoardDaoTest"/>
  <testcase name="NotMemberBoardDao_클래스의_deleteNotMemberBoard_메소드_테스트" time="0.012" classname="com.terry.springconfig.dao.NotMemberBoardDaoTest"/>
  <testcase name="NotMemberBoardDao_클래스의_insertNotMemberBoard_메소드_테스트" time="0.017" classname="com.terry.springconfig.dao.NotMemberBoardDaoTest"/>
  <testcase name="JobLogInfoDao_클래스의_insertJobLogInfo_메소드_테스트" time="0.006" classname="com.terry.springconfig.test.dao.JobLogInfoDaoTest"/>
</testsuite> <!-- daoTest -->
