<?xml version="1.0" encoding="UTF-8"?>
<!-- Generated by org.testng.reporters.JUnitXMLReporter -->
<testsuite hostname="TerryNote" name="NamedJdbcTemplateTest" tests="4" failures="0" timestamp="4 Mar 2015 06:04:19 GMT" time="3.19" errors="0">
  <testcase name="jdbcTemplate_Injection_체크" time="0.007" classname="com.terry.springconfig.test.config.JdbcTemplateTest"/>
  <testcase name="jdbcTemplate_테이블_Insert_한뒤_Select_체크" time="0.052" classname="com.terry.springconfig.test.config.JdbcTemplateTest"/>
  <testcase name="jdbcTemplate_테이블_Insert전_Select_체크" time="0.006" classname="com.terry.springconfig.test.config.JdbcTemplateTest"/>
  <testcase name="jdbcTemplate_테이블_Insert후_Update한뒤_Select_체크" time="0.012" classname="com.terry.springconfig.test.config.JdbcTemplateTest"/>
</testsuite> <!-- NamedJdbcTemplateTest -->
