<?xml version="1.0" encoding="UTF-8"?>
<!-- Generated by org.testng.reporters.JUnitXMLReporter -->
<testsuite hostname="TerryNote" name="Default test" tests="13" failures="1" timestamp="7 Apr 2016 08:12:40 GMT" time="4.788" errors="0">
  <testcase name="동영상게시판_내용_글목록조회" time="0.166" classname="com.terry.springjpa.repository.UnitedBoardRepositoryTest"/>
  <testcase name="동영상게시판_사용자1_글수정" time="0.042" classname="com.terry.springjpa.repository.UnitedBoardRepositoryTest"/>
  <testcase name="동영상게시판_사용자1_글수정_실패" time="0.015" classname="com.terry.springjpa.repository.UnitedBoardRepositoryTest">
    <failure type="java.lang.AssertionError" message="동영상게시판_사용자1_글수정 실패 expected [com.terry.springjpa.entity.UnitedBoard@5266730e] but found [com.terry.springjpa.entity.UnitedBoard@5266730e]">
      <![CDATA[java.lang.AssertionError: 동영상게시판_사용자1_글수정 실패 expected [com.terry.springjpa.entity.UnitedBoard@5266730e] but found [com.terry.springjpa.entity.UnitedBoard@5266730e]
	at org.testng.Assert.fail(Assert.java:94)
	at org.testng.Assert.failNotEquals(Assert.java:494)
	at org.testng.Assert.assertEquals(Assert.java:123)
	at com.terry.springjpa.repository.UnitedBoardRepositoryTest.동영상게시판_사용자1_글수정_실패(UnitedBoardRepositoryTest.java:224)
	at sun.reflect.NativeMethodAccessorImpl.invoke0(Native Method)
	at sun.reflect.NativeMethodAccessorImpl.invoke(NativeMethodAccessorImpl.java:57)
	at sun.reflect.DelegatingMethodAccessorImpl.invoke(DelegatingMethodAccessorImpl.java:43)
	at java.lang.reflect.Method.invoke(Method.java:606)
	at org.testng.internal.MethodInvocationHelper.invokeMethod(MethodInvocationHelper.java:84)
	at org.testng.internal.MethodInvocationHelper$1.runTestMethod(MethodInvocationHelper.java:200)
	at org.springframework.test.context.testng.AbstractTestNGSpringContextTests.run(AbstractTestNGSpringContextTests.java:171)
	at sun.reflect.NativeMethodAccessorImpl.invoke0(Native Method)
	at sun.reflect.NativeMethodAccessorImpl.invoke(NativeMethodAccessorImpl.java:57)
	at sun.reflect.DelegatingMethodAccessorImpl.invoke(DelegatingMethodAccessorImpl.java:43)
	at java.lang.reflect.Method.invoke(Method.java:606)
	at org.testng.internal.MethodInvocationHelper.invokeHookable(MethodInvocationHelper.java:212)
	at org.testng.internal.Invoker.invokeMethod(Invoker.java:707)
	at org.testng.internal.Invoker.invokeTestMethod(Invoker.java:901)
	at org.testng.internal.Invoker.invokeTestMethods(Invoker.java:1231)
	at org.testng.internal.TestMethodWorker.invokeTestMethods(TestMethodWorker.java:127)
	at org.testng.internal.TestMethodWorker.run(TestMethodWorker.java:111)
	at org.testng.TestRunner.privateRun(TestRunner.java:767)
	at org.testng.TestRunner.run(TestRunner.java:617)
	at org.testng.SuiteRunner.runTest(SuiteRunner.java:348)
	at org.testng.SuiteRunner.runSequentially(SuiteRunner.java:343)
	at org.testng.SuiteRunner.privateRun(SuiteRunner.java:305)
	at org.testng.SuiteRunner.run(SuiteRunner.java:254)
	at org.testng.SuiteRunnerWorker.runSuite(SuiteRunnerWorker.java:52)
	at org.testng.SuiteRunnerWorker.run(SuiteRunnerWorker.java:86)
	at org.testng.TestNG.runSuitesSequentially(TestNG.java:1224)
	at org.testng.TestNG.runSuitesLocally(TestNG.java:1149)
	at org.testng.TestNG.run(TestNG.java:1057)
	at org.testng.remote.AbstractRemoteTestNG.run(AbstractRemoteTestNG.java:126)
	at org.testng.remote.RemoteTestNG.initAndRun(RemoteTestNG.java:75)
	at org.testng.remote.RemoteTestNG.main(RemoteTestNG.java:46)
]]>
    </failure>
  </testcase> <!-- 동영상게시판_사용자1_글수정_실패 -->
  <testcase name="동영상게시판_사용자2_글삭제" time="0.022" classname="com.terry.springjpa.repository.UnitedBoardRepositoryTest"/>
  <testcase name="동영상게시판_사용자2_글조회" time="0.01" classname="com.terry.springjpa.repository.UnitedBoardRepositoryTest"/>
  <testcase name="동영상게시판_사용자3_글등록" time="0.015" classname="com.terry.springjpa.repository.UnitedBoardRepositoryTest"/>
  <testcase name="동영상게시판_사용자3_글목록조회" time="0.025" classname="com.terry.springjpa.repository.UnitedBoardRepositoryTest"/>
  <testcase name="자유게시판_사용자1_글등록" time="0.007" classname="com.terry.springjpa.repository.UnitedBoardRepositoryTest"/>
  <testcase name="자유게시판_사용자1_글목록조회" time="0.012" classname="com.terry.springjpa.repository.UnitedBoardRepositoryTest"/>
  <testcase name="자유게시판_사용자2_글수정" time="0.009" classname="com.terry.springjpa.repository.UnitedBoardRepositoryTest"/>
  <testcase name="자유게시판_사용자3_글삭제" time="0.01" classname="com.terry.springjpa.repository.UnitedBoardRepositoryTest"/>
  <testcase name="자유게시판_사용자3_글조회" time="0.012" classname="com.terry.springjpa.repository.UnitedBoardRepositoryTest"/>
  <testcase name="자유게시판_제목_글목록조회" time="0.023" classname="com.terry.springjpa.repository.UnitedBoardRepositoryTest"/>
</testsuite> <!-- Default test -->
