<?xml version="1.0" encoding="UTF-8"?>
<!-- Generated by org.testng.reporters.JUnitXMLReporter -->
<testsuite hostname="TerryNote" name="Default test" tests="6" failures="0" timestamp="7 Apr 2016 09:39:46 GMT" time="4.536" errors="0">
  <testcase name="게시판타입등록" time="0.131" classname="com.terry.springjpa.repository.BoardTypeRepositoryTest"/>
  <testcase name="게시판타입목록조회_idx역순" time="0.042" classname="com.terry.springjpa.repository.BoardTypeRepositoryTest"/>
  <testcase name="게시판타입목록조회_idx정순" time="0.012" classname="com.terry.springjpa.repository.BoardTypeRepositoryTest"/>
  <testcase name="게시판타입삭제" time="0.029" classname="com.terry.springjpa.repository.BoardTypeRepositoryTest"/>
  <testcase name="게시판타입상세조회" time="0.009" classname="com.terry.springjpa.repository.BoardTypeRepositoryTest"/>
  <testcase name="게시판타입수정" time="0.019" classname="com.terry.springjpa.repository.BoardTypeRepositoryTest"/>
</testsuite> <!-- Default test -->
