<?xml version="1.0" encoding="UTF-8"?>
<!-- Generated by org.testng.reporters.JUnitXMLReporter -->
<testsuite hostname="TerryNote" name="serviceTest" tests="8" failures="0" timestamp="4 Mar 2015 06:06:30 GMT" time="3.585" errors="0">
  <testcase name="case_01_NotMemberBoardServiceImpl_클래스의_selectNotMemberBoard_메소드_테스트" time="0.128" classname="com.terry.springconfig.service.NotMemberBoardServiceTest"/>
  <testcase name="case_02_NotMemberBoardServiceImpl_클래스의_selectNotMemberBoardDetail_메소드_테스트" time="0.016" classname="com.terry.springconfig.service.NotMemberBoardServiceTest"/>
  <testcase name="case_03_NotMemberBoardServiceImpl_클래스의_insertNotMemberBoard_메소드_테스트" time="0.024" classname="com.terry.springconfig.service.NotMemberBoardServiceTest"/>
  <testcase name="case_04_NotMemberBoardServiceImpl_클래스의_updateNotMemberBoard_메소드_테스트" time="0.011" classname="com.terry.springconfig.service.NotMemberBoardServiceTest"/>
  <testcase name="case_05_NotMemberBoardServiceImpl_클래스의_deleteNotMemberBoard_메소드_테스트" time="0.02" classname="com.terry.springconfig.service.NotMemberBoardServiceTest"/>
  <testcase name="case_06_NotMemberBoardServiceImpl_클래스의_NestedTransaction1_메소드_테스트" time="0.153" classname="com.terry.springconfig.service.NotMemberBoardServiceTest"/>
  <testcase name="case_07_NotMemberBoardServiceImpl_클래스의_NestedTransaction2_메소드_테스트" time="0.017" classname="com.terry.springconfig.service.NotMemberBoardServiceTest"/>
  <testcase name="case_08_Oracle_SavePoints_지원여부_체크_테스트" time="0.001" classname="com.terry.springconfig.service.NotMemberBoardServiceTest"/>
</testsuite> <!-- serviceTest -->
