<?xml version="1.0" encoding="UTF-8"?>
<!-- Generated by org.testng.reporters.JUnitXMLReporter -->
<testsuite hostname="TerryNote" name="controllerTest" tests="3" failures="2" timestamp="4 Mar 2015 06:28:03 GMT" time="2.273" errors="0">
  <testcase name="insertNotMemberBoard" time="0.065" classname="com.terry.springconfig.controller.NotMemberBoardControllerTest">
    <failure type="java.lang.AssertionError" message="Handler type expected:&amp;lt;class com.terry.springconfig.controller.NotMemberBoardController&amp;gt; but was:&amp;lt;class org.springframework.web.servlet.resource.DefaultServletHttpRequestHandler&amp;gt;">
      <![CDATA[java.lang.AssertionError: Handler type expected:<class com.terry.springconfig.controller.NotMemberBoardController> but was:<class org.springframework.web.servlet.resource.DefaultServletHttpRequestHandler>
	at org.springframework.test.util.AssertionErrors.fail(AssertionErrors.java:60)
	at org.springframework.test.util.AssertionErrors.assertEquals(AssertionErrors.java:89)
	at org.springframework.test.web.servlet.result.HandlerResultMatchers$1.match(HandlerResultMatchers.java:62)
	at org.springframework.test.web.servlet.MockMvc$1.andExpect(MockMvc.java:148)
	at com.terry.springconfig.controller.NotMemberBoardControllerTest.insertNotMemberBoard(NotMemberBoardControllerTest.java:167)
	at org.springframework.test.context.testng.AbstractTestNGSpringContextTests.run(AbstractTestNGSpringContextTests.java:170)
... Removed 30 stack frames]]>
    </failure>
  </testcase> <!-- insertNotMemberBoard -->
  <testcase name="selectNotMemberBoard" time="0.263" classname="com.terry.springconfig.controller.NotMemberBoardControllerTest"/>
  <testcase name="updateNotMemberBoard" time="0.002" classname="com.terry.springconfig.controller.NotMemberBoardControllerTest">
    <failure type="java.lang.AssertionError" message="Handler type expected:&amp;lt;class com.terry.springconfig.controller.NotMemberBoardController&amp;gt; but was:&amp;lt;class org.springframework.web.servlet.resource.DefaultServletHttpRequestHandler&amp;gt;">
      <![CDATA[java.lang.AssertionError: Handler type expected:<class com.terry.springconfig.controller.NotMemberBoardController> but was:<class org.springframework.web.servlet.resource.DefaultServletHttpRequestHandler>
	at org.springframework.test.util.AssertionErrors.fail(AssertionErrors.java:60)
	at org.springframework.test.util.AssertionErrors.assertEquals(AssertionErrors.java:89)
	at org.springframework.test.web.servlet.result.HandlerResultMatchers$1.match(HandlerResultMatchers.java:62)
	at org.springframework.test.web.servlet.MockMvc$1.andExpect(MockMvc.java:148)
	at com.terry.springconfig.controller.NotMemberBoardControllerTest.updateNotMemberBoard(NotMemberBoardControllerTest.java:227)
	at org.springframework.test.context.testng.AbstractTestNGSpringContextTests.run(AbstractTestNGSpringContextTests.java:170)
... Removed 30 stack frames]]>
    </failure>
  </testcase> <!-- updateNotMemberBoard -->
</testsuite> <!-- controllerTest -->
