<?xml version="1.0" encoding="UTF-8"?>
<!-- Generated by org.testng.reporters.JUnitXMLReporter -->
<testsuite hostname="TerryNote" name="NamedJdbcTemplateTest" tests="4" failures="0" timestamp="4 Mar 2015 06:28:01 GMT" time="3.099" errors="0">
  <testcase name="jdbcTemplate_Injection_체크" time="0.009" classname="com.terry.springconfig.test.config.JdbcTemplateTest"/>
  <testcase name="jdbcTemplate_테이블_Insert_한뒤_Select_체크" time="0.056" classname="com.terry.springconfig.test.config.JdbcTemplateTest"/>
  <testcase name="jdbcTemplate_테이블_Insert전_Select_체크" time="0.006" classname="com.terry.springconfig.test.config.JdbcTemplateTest"/>
  <testcase name="jdbcTemplate_테이블_Insert후_Update한뒤_Select_체크" time="0.013" classname="com.terry.springconfig.test.config.JdbcTemplateTest"/>
</testsuite> <!-- NamedJdbcTemplateTest -->
