<?xml version="1.0" encoding="UTF-8"?>
<testng-results skipped="0" failed="0" total="1" passed="1">
  <reporter-output>
  </reporter-output>
  <suite name="Default suite" duration-ms="16851" started-at="2016-04-07T18:27:14Z" finished-at="2016-04-07T18:27:31Z">
    <groups>
    </groups>
    <test name="Default test" duration-ms="16851" started-at="2016-04-07T18:27:14Z" finished-at="2016-04-07T18:27:31Z">
      <class name="com.terry.springjpa.repository.UnitedBoardRepositoryTest">
        <test-method status="PASS" signature="springTestContextBeforeTestClass()[pri:0, instance:com.terry.springjpa.repository.UnitedBoardRepositoryTest@9ea5ab4]" name="springTestContextBeforeTestClass" is-config="true" duration-ms="27" started-at="2016-04-08T03:27:14Z" finished-at="2016-04-08T03:27:14Z">
          <reporter-output>
          </reporter-output>
        </test-method> <!-- springTestContextBeforeTestClass -->
        <test-method status="PASS" signature="springTestContextPrepareTestInstance()[pri:0, instance:com.terry.springjpa.repository.UnitedBoardRepositoryTest@9ea5ab4]" name="springTestContextPrepareTestInstance" is-config="true" duration-ms="16351" started-at="2016-04-08T03:27:14Z" depends-on-methods="org.springframework.test.context.testng.AbstractTestNGSpringContextTests.springTestContextBeforeTestClass" finished-at="2016-04-08T03:27:31Z">
          <reporter-output>
          </reporter-output>
        </test-method> <!-- springTestContextPrepareTestInstance -->
        <test-method status="PASS" signature="initTest()[pri:0, instance:com.terry.springjpa.repository.UnitedBoardRepositoryTest@9ea5ab4]" name="initTest" is-config="true" duration-ms="84" started-at="2016-04-08T03:27:31Z" finished-at="2016-04-08T03:27:31Z">
          <reporter-output>
          </reporter-output>
        </test-method> <!-- initTest -->
        <test-method status="PASS" signature="springTestContextBeforeTestMethod(java.lang.reflect.Method)[pri:0, instance:com.terry.springjpa.repository.UnitedBoardRepositoryTest@9ea5ab4]" name="springTestContextBeforeTestMethod" is-config="true" duration-ms="92" started-at="2016-04-08T03:27:31Z" finished-at="2016-04-08T03:27:31Z">
          <params>
            <param index="0">
              <value>
                <![CDATA[public void com.terry.springjpa.repository.UnitedBoardRepositoryTest.자유게시판_사용자2_글수정() throws java.lang.Exception]]>
              </value>
            </param>
          </params>
          <reporter-output>
          </reporter-output>
        </test-method> <!-- springTestContextBeforeTestMethod -->
        <test-method status="PASS" signature="자유게시판_사용자2_글수정()[pri:0, instance:com.terry.springjpa.repository.UnitedBoardRepositoryTest@9ea5ab4]" name="자유게시판_사용자2_글수정" duration-ms="245" started-at="2016-04-08T03:27:31Z" finished-at="2016-04-08T03:27:31Z">
          <reporter-output>
          </reporter-output>
        </test-method> <!-- 자유게시판_사용자2_글수정 -->
        <test-method status="PASS" signature="springTestContextAfterTestMethod(java.lang.reflect.Method)[pri:0, instance:com.terry.springjpa.repository.UnitedBoardRepositoryTest@9ea5ab4]" name="springTestContextAfterTestMethod" is-config="true" duration-ms="10" started-at="2016-04-08T03:27:31Z" finished-at="2016-04-08T03:27:31Z">
          <params>
            <param index="0">
              <value>
                <![CDATA[public void com.terry.springjpa.repository.UnitedBoardRepositoryTest.자유게시판_사용자2_글수정() throws java.lang.Exception]]>
              </value>
            </param>
          </params>
          <reporter-output>
          </reporter-output>
        </test-method> <!-- springTestContextAfterTestMethod -->
        <test-method status="PASS" signature="finalizeTest()[pri:0, instance:com.terry.springjpa.repository.UnitedBoardRepositoryTest@9ea5ab4]" name="finalizeTest" is-config="true" duration-ms="18" started-at="2016-04-08T03:27:31Z" finished-at="2016-04-08T03:27:31Z">
          <reporter-output>
          </reporter-output>
        </test-method> <!-- finalizeTest -->
        <test-method status="PASS" signature="springTestContextAfterTestClass()[pri:0, instance:com.terry.springjpa.repository.UnitedBoardRepositoryTest@9ea5ab4]" name="springTestContextAfterTestClass" is-config="true" duration-ms="1" started-at="2016-04-08T03:27:31Z" finished-at="2016-04-08T03:27:31Z">
          <reporter-output>
          </reporter-output>
        </test-method> <!-- springTestContextAfterTestClass -->
      </class> <!-- com.terry.springjpa.repository.UnitedBoardRepositoryTest -->
    </test> <!-- Default test -->
  </suite> <!-- Default suite -->
</testng-results>
